<?xml version="1.0" encoding="UTF-8"?>
<!-- Generated by org.testng.reporters.JUnitXMLReporter -->
<testsuite hostname="Heshanthas-MBP.home" name="Command line test" tests="1" failures="0" timestamp="19 Feb 2017 17:44:15 GMT" time="0.02" errors="0">
  <testcase name="@BeforeMethod openBrowser" time="0.0" classname="com.bit.test.SmokeTest">
    <failure type="org.testng.TestNGException" message="
Parameter &amp;apos;browser&amp;apos; is required by @Configuration on method openBrowser but has not been marked @Optional or defined
">
      <![CDATA[org.testng.TestNGException: 
Parameter 'browser' is required by @Configuration on method openBrowser but has not been marked @Optional or defined

... Removed 33 stack frames]]>
    </failure>
  </testcase> <!-- @BeforeMethod openBrowser -->
  <testcase name="@AfterMethod closeBrowser" time="0.0" classname="com.bit.test.SmokeTest">
    <skipped/>
  </testcase> <!-- @AfterMethod closeBrowser -->
  <testcase name="paralalsininFB" time="0.005" classname="com.bit.test.SmokeTest">
    <skipped/>
  </testcase> <!-- paralalsininFB -->
</testsuite> <!-- Command line test -->
